2026-02-10 14:05:24,962 NanoPlot 1.46.2 started with arguments Namespace(threads=4, verbose=False, store=False, raw=False, huge=False, outdir='qc', no_static=False, prefix='', tsv_stats=False, only_report=False, info_in_report=False, maxlength=None, minlength=None, drop_outliers=False, downsample=None, loglength=False, percentqual=False, alength=False, minqual=None, runtime_until=None, readtype='1D', barcoded=False, no_supplementary=False, color='#4CB391', colormap='Greens', format=['png'], plots=['dot', 'kde'], legacy=None, listcolors=False, listcolormaps=False, no_N50=False, N50=False, title=None, font_scale=1, dpi=300, hide_stats=False, fastq=['data/raw_reads.fastq'], fasta=None, fastq_rich=None, fastq_minimal=None, summary=None, bam=None, ubam=None, cram=None, pickle=None, feather=None, path='qc/')
2026-02-10 14:05:24,962 Python version is: 3.13.2 (main, Feb  5 2025, 15:09:29) [GCC 13.3.0]
2026-02-10 14:05:24,988 Nanoget: Starting to collect statistics from plain fastq file.
2026-02-10 14:05:57,777 Reduced DataFrame memory usage from 2.991321563720703Mb to 2.991321563720703Mb
2026-02-10 14:05:57,794 Nanoget: Gathered all metrics of 196031 reads
2026-02-10 14:05:58,311 Calculated statistics
2026-02-10 14:05:58,311 Using sequenced read lengths for plotting.
2026-02-10 14:05:58,316 Removed 1 artefactual reads with very short length and very high quality.
2026-02-10 14:05:58,447 Calculated statistics
2026-02-10 14:05:58,515 NanoPlot:  Valid color #4CB391.
2026-02-10 14:05:58,515 NanoPlot:  Valid colormap Greens.
2026-02-10 14:05:58,516 NanoPlot:  Creating length plots for Read length.
2026-02-10 14:05:58,517 NanoPlot:  Using 196030 reads maximum of 58041bp.
2026-02-10 14:06:01,987 Chromium init'ed with kwargs {}
2026-02-10 14:06:01,988 Found chromium path: /lustre07/scratch/mahnoorn/BINF6110/BINF6110-Assignment-1-/bioinfo_env/lib/python3.13/site-packages/choreographer/cli/browser_exe/chrome-linux64/chrome
2026-02-10 14:06:01,988 Temp directory created: /tmp/tmp8cuuhues.
2026-02-10 14:06:01,988 Opening browser.
2026-02-10 14:06:01,989 Temp directory created: /tmp/tmp44v1m12x.
2026-02-10 14:06:02,109 Temporary directory at: /tmp/tmp44v1m12x
2026-02-10 14:06:06,172 Conforming 1 to file:///tmp/tmp8cuuhues/index.html
2026-02-10 14:06:06,172 Waiting on all navigates
2026-02-10 14:06:07,704 All navigates done, putting them all in queue.
2026-02-10 14:06:07,706 Getting tab from queue (has 1)
2026-02-10 14:06:07,706 Got 9C76
2026-02-10 14:06:07,706 Processing Weighted_histogram_of_read_lengths.png
2026-02-10 14:06:07,706 Sending big command for Weighted_histogram_of_read_lengths.png.
2026-02-10 14:06:07,855 Sent big command for Weighted_histogram_of_read_lengths.png.
2026-02-10 14:06:07,856 Reloading tab 9C76 before return.
2026-02-10 14:06:07,949 Putting tab 9C76 back (queue size: 0).
2026-02-10 14:06:07,949 Waiting for all cleanups to finish.
2026-02-10 14:06:07,949 Exiting Kaleido
2026-02-10 14:06:07,949 Closing browser.
2026-02-10 14:06:07,951 Closing browser.
2026-02-10 14:06:07,951 TemporaryDirectory.cleanup() worked.
2026-02-10 14:06:07,951 shutil.rmtree worked.
2026-02-10 14:06:07,951 Cancelling tasks.
2026-02-10 14:06:07,951 Exiting Kaleido/Choreo
2026-02-10 14:06:08,066 TemporaryDirectory.cleanup() worked.
2026-02-10 14:06:08,066 shutil.rmtree worked.
2026-02-10 14:06:08,066 TemporaryDirectory.cleanup() worked.
2026-02-10 14:06:08,067 shutil.rmtree worked.
2026-02-10 14:06:08,067 Cancelling tasks.
2026-02-10 14:06:08,067 Exiting Kaleido/Choreo
2026-02-10 14:06:08,482 TemporaryDirectory.cleanup() worked.
2026-02-10 14:06:08,482 shutil.rmtree worked.
2026-02-10 14:06:10,072 Saved qc/WeightedHistogramReadlength.png as png (dpi=300)
2026-02-10 14:06:10,107 Chromium init'ed with kwargs {}
2026-02-10 14:06:10,107 Found chromium path: /lustre07/scratch/mahnoorn/BINF6110/BINF6110-Assignment-1-/bioinfo_env/lib/python3.13/site-packages/choreographer/cli/browser_exe/chrome-linux64/chrome
2026-02-10 14:06:10,108 Temp directory created: /tmp/tmp9owpjfm_.
2026-02-10 14:06:10,108 Opening browser.
2026-02-10 14:06:10,108 Temp directory created: /tmp/tmphw0em0db.
2026-02-10 14:06:10,128 Temporary directory at: /tmp/tmphw0em0db
2026-02-10 14:06:10,468 Conforming 1 to file:///tmp/tmp9owpjfm_/index.html
2026-02-10 14:06:10,468 Waiting on all navigates
2026-02-10 14:06:11,723 All navigates done, putting them all in queue.
2026-02-10 14:06:11,724 Getting tab from queue (has 1)
2026-02-10 14:06:11,724 Got 4EC2
2026-02-10 14:06:11,724 Processing Weighted_histogram_of_read_lengths_after_log_transformation.png
2026-02-10 14:06:11,724 Sending big command for Weighted_histogram_of_read_lengths_after_log_transformation.png.
2026-02-10 14:06:11,841 Sent big command for Weighted_histogram_of_read_lengths_after_log_transformation.png.
2026-02-10 14:06:11,841 Reloading tab 4EC2 before return.
2026-02-10 14:06:11,928 Putting tab 4EC2 back (queue size: 0).
2026-02-10 14:06:11,928 Waiting for all cleanups to finish.
2026-02-10 14:06:11,928 Exiting Kaleido
2026-02-10 14:06:11,928 Closing browser.
2026-02-10 14:06:11,929 Closing browser.
2026-02-10 14:06:11,929 TemporaryDirectory.cleanup() worked.
2026-02-10 14:06:11,929 shutil.rmtree worked.
2026-02-10 14:06:11,929 Cancelling tasks.
2026-02-10 14:06:11,929 Exiting Kaleido/Choreo
2026-02-10 14:06:12,245 TemporaryDirectory.cleanup() worked.
2026-02-10 14:06:12,245 shutil.rmtree worked.
2026-02-10 14:06:12,245 TemporaryDirectory.cleanup() worked.
2026-02-10 14:06:12,245 shutil.rmtree worked.
2026-02-10 14:06:12,245 Cancelling tasks.
2026-02-10 14:06:12,245 Exiting Kaleido/Choreo
2026-02-10 14:06:12,339 Saved qc/WeightedLogTransformed_HistogramReadlength.png as png (dpi=300)
2026-02-10 14:06:12,362 TemporaryDirectory.cleanup() worked.
2026-02-10 14:06:12,362 shutil.rmtree worked.
2026-02-10 14:06:12,363 Chromium init'ed with kwargs {}
2026-02-10 14:06:12,363 Found chromium path: /lustre07/scratch/mahnoorn/BINF6110/BINF6110-Assignment-1-/bioinfo_env/lib/python3.13/site-packages/choreographer/cli/browser_exe/chrome-linux64/chrome
2026-02-10 14:06:12,363 Temp directory created: /tmp/tmper4ygchr.
2026-02-10 14:06:12,363 Opening browser.
2026-02-10 14:06:12,364 Temp directory created: /tmp/tmppk_8j5zh.
2026-02-10 14:06:12,379 Temporary directory at: /tmp/tmppk_8j5zh
2026-02-10 14:06:12,701 Conforming 1 to file:///tmp/tmper4ygchr/index.html
2026-02-10 14:06:12,701 Waiting on all navigates
2026-02-10 14:06:13,947 All navigates done, putting them all in queue.
2026-02-10 14:06:13,949 Getting tab from queue (has 1)
2026-02-10 14:06:13,949 Got 9F50
2026-02-10 14:06:13,949 Processing Non_weighted_histogram_of_read_lengths.png
2026-02-10 14:06:13,949 Sending big command for Non_weighted_histogram_of_read_lengths.png.
2026-02-10 14:06:14,056 Sent big command for Non_weighted_histogram_of_read_lengths.png.
2026-02-10 14:06:14,057 Reloading tab 9F50 before return.
2026-02-10 14:06:14,142 Putting tab 9F50 back (queue size: 0).
2026-02-10 14:06:14,142 Waiting for all cleanups to finish.
2026-02-10 14:06:14,142 Exiting Kaleido
2026-02-10 14:06:14,142 Closing browser.
2026-02-10 14:06:14,144 Closing browser.
2026-02-10 14:06:14,144 TemporaryDirectory.cleanup() worked.
2026-02-10 14:06:14,144 shutil.rmtree worked.
2026-02-10 14:06:14,144 Cancelling tasks.
2026-02-10 14:06:14,144 Exiting Kaleido/Choreo
2026-02-10 14:06:14,210 TemporaryDirectory.cleanup() worked.
2026-02-10 14:06:14,210 shutil.rmtree worked.
2026-02-10 14:06:14,210 TemporaryDirectory.cleanup() worked.
2026-02-10 14:06:14,210 shutil.rmtree worked.
2026-02-10 14:06:14,210 Cancelling tasks.
2026-02-10 14:06:14,210 Exiting Kaleido/Choreo
2026-02-10 14:06:14,304 Saved qc/Non_weightedHistogramReadlength.png as png (dpi=300)
2026-02-10 14:06:14,339 Chromium init'ed with kwargs {}
2026-02-10 14:06:14,340 Found chromium path: /lustre07/scratch/mahnoorn/BINF6110/BINF6110-Assignment-1-/bioinfo_env/lib/python3.13/site-packages/choreographer/cli/browser_exe/chrome-linux64/chrome
2026-02-10 14:06:14,340 Temp directory created: /tmp/tmp5kzyke1k.
2026-02-10 14:06:14,340 Opening browser.
2026-02-10 14:06:14,340 Temp directory created: /tmp/tmpk_4ihtmf.
2026-02-10 14:06:14,355 Temporary directory at: /tmp/tmpk_4ihtmf
2026-02-10 14:06:14,684 Conforming 1 to file:///tmp/tmp5kzyke1k/index.html
2026-02-10 14:06:14,685 Waiting on all navigates
2026-02-10 14:06:15,924 All navigates done, putting them all in queue.
2026-02-10 14:06:15,925 Getting tab from queue (has 1)
2026-02-10 14:06:15,926 Got 5F0B
2026-02-10 14:06:15,926 Processing Non_weighted_histogram_of_read_lengths_after_log_transformation.png
2026-02-10 14:06:15,926 Sending big command for Non_weighted_histogram_of_read_lengths_after_log_transformation.png.
2026-02-10 14:06:16,039 Sent big command for Non_weighted_histogram_of_read_lengths_after_log_transformation.png.
2026-02-10 14:06:16,040 Reloading tab 5F0B before return.
2026-02-10 14:06:16,127 Putting tab 5F0B back (queue size: 0).
2026-02-10 14:06:16,128 Waiting for all cleanups to finish.
2026-02-10 14:06:16,128 Exiting Kaleido
2026-02-10 14:06:16,128 Closing browser.
2026-02-10 14:06:16,129 Closing browser.
2026-02-10 14:06:16,129 TemporaryDirectory.cleanup() worked.
2026-02-10 14:06:16,129 shutil.rmtree worked.
2026-02-10 14:06:16,129 Cancelling tasks.
2026-02-10 14:06:16,129 Exiting Kaleido/Choreo
2026-02-10 14:06:16,194 TemporaryDirectory.cleanup() worked.
2026-02-10 14:06:16,194 shutil.rmtree worked.
2026-02-10 14:06:16,194 TemporaryDirectory.cleanup() worked.
2026-02-10 14:06:16,195 shutil.rmtree worked.
2026-02-10 14:06:16,195 Cancelling tasks.
2026-02-10 14:06:16,195 Exiting Kaleido/Choreo
2026-02-10 14:06:16,287 Saved qc/Non_weightedLogTransformed_HistogramReadlength.png as png (dpi=300)
2026-02-10 14:06:16,287 NanoPlot: Creating yield by minimal length plot for Read length.
2026-02-10 14:06:16,706 TemporaryDirectory.cleanup() worked.
2026-02-10 14:06:16,706 shutil.rmtree worked.
2026-02-10 14:06:16,706 TemporaryDirectory.cleanup() worked.
2026-02-10 14:06:16,706 shutil.rmtree worked.
2026-02-10 14:06:31,698 Chromium init'ed with kwargs {}
2026-02-10 14:06:31,698 Found chromium path: /lustre07/scratch/mahnoorn/BINF6110/BINF6110-Assignment-1-/bioinfo_env/lib/python3.13/site-packages/choreographer/cli/browser_exe/chrome-linux64/chrome
2026-02-10 14:06:31,698 Temp directory created: /tmp/tmpq7hgezk0.
2026-02-10 14:06:31,699 Opening browser.
2026-02-10 14:06:31,699 Temp directory created: /tmp/tmpwhmmkce8.
2026-02-10 14:06:31,718 Temporary directory at: /tmp/tmpwhmmkce8
2026-02-10 14:06:33,284 Conforming 1 to file:///tmp/tmpq7hgezk0/index.html
2026-02-10 14:06:33,284 Waiting on all navigates
2026-02-10 14:06:34,759 All navigates done, putting them all in queue.
2026-02-10 14:06:34,760 Getting tab from queue (has 1)
2026-02-10 14:06:34,760 Got 7528
2026-02-10 14:06:34,760 Processing Yield_by_length.png
2026-02-10 14:06:34,760 Sending big command for Yield_by_length.png.
2026-02-10 14:06:35,922 Sent big command for Yield_by_length.png.
2026-02-10 14:06:35,923 Reloading tab 7528 before return.
2026-02-10 14:06:36,070 Putting tab 7528 back (queue size: 0).
2026-02-10 14:06:36,070 Waiting for all cleanups to finish.
2026-02-10 14:06:36,070 Exiting Kaleido
2026-02-10 14:06:36,070 Closing browser.
2026-02-10 14:06:36,073 Closing browser.
2026-02-10 14:06:36,073 TemporaryDirectory.cleanup() worked.
2026-02-10 14:06:36,073 shutil.rmtree worked.
2026-02-10 14:06:36,073 Cancelling tasks.
2026-02-10 14:06:36,073 Exiting Kaleido/Choreo
2026-02-10 14:06:36,190 TemporaryDirectory.cleanup() worked.
2026-02-10 14:06:36,190 shutil.rmtree worked.
2026-02-10 14:06:36,190 TemporaryDirectory.cleanup() worked.
2026-02-10 14:06:36,190 shutil.rmtree worked.
2026-02-10 14:06:36,190 Cancelling tasks.
2026-02-10 14:06:36,190 Exiting Kaleido/Choreo
2026-02-10 14:06:36,316 Saved qc/Yield_By_Length.png as png (dpi=300)
2026-02-10 14:06:36,316 Created length plots
2026-02-10 14:06:36,328 NanoPlot: Creating Read lengths vs Average read quality plots using 196030 reads.
2026-02-10 14:06:36,434 TemporaryDirectory.cleanup() worked.
2026-02-10 14:06:36,434 shutil.rmtree worked.
2026-02-10 14:06:36,549 Chromium init'ed with kwargs {}
2026-02-10 14:06:36,550 Found chromium path: /lustre07/scratch/mahnoorn/BINF6110/BINF6110-Assignment-1-/bioinfo_env/lib/python3.13/site-packages/choreographer/cli/browser_exe/chrome-linux64/chrome
2026-02-10 14:06:36,550 Temp directory created: /tmp/tmpm4y2jecf.
2026-02-10 14:06:36,550 Opening browser.
2026-02-10 14:06:36,550 Temp directory created: /tmp/tmpwformctw.
2026-02-10 14:06:36,565 Temporary directory at: /tmp/tmpwformctw
2026-02-10 14:06:36,890 Conforming 1 to file:///tmp/tmpm4y2jecf/index.html
2026-02-10 14:06:36,891 Waiting on all navigates
2026-02-10 14:06:38,129 All navigates done, putting them all in queue.
2026-02-10 14:06:38,130 Getting tab from queue (has 1)
2026-02-10 14:06:38,130 Got 0501
2026-02-10 14:06:38,130 Processing Read_lengths_vs_Average_read_quality_plot_using_dots.png
2026-02-10 14:06:38,130 Sending big command for Read_lengths_vs_Average_read_quality_plot_using_dots.png.
2026-02-10 14:06:39,316 Sent big command for Read_lengths_vs_Average_read_quality_plot_using_dots.png.
2026-02-10 14:06:39,320 Reloading tab 0501 before return.
2026-02-10 14:06:39,444 Putting tab 0501 back (queue size: 0).
2026-02-10 14:06:39,444 Waiting for all cleanups to finish.
2026-02-10 14:06:39,444 Exiting Kaleido
2026-02-10 14:06:39,444 Closing browser.
2026-02-10 14:06:39,445 Closing browser.
2026-02-10 14:06:39,445 TemporaryDirectory.cleanup() worked.
2026-02-10 14:06:39,445 shutil.rmtree worked.
2026-02-10 14:06:39,445 Cancelling tasks.
2026-02-10 14:06:39,445 Exiting Kaleido/Choreo
2026-02-10 14:06:39,510 TemporaryDirectory.cleanup() worked.
2026-02-10 14:06:39,511 shutil.rmtree worked.
2026-02-10 14:06:39,511 TemporaryDirectory.cleanup() worked.
2026-02-10 14:06:39,511 shutil.rmtree worked.
2026-02-10 14:06:39,511 Cancelling tasks.
2026-02-10 14:06:39,511 Exiting Kaleido/Choreo
2026-02-10 14:06:39,666 Saved qc/LengthvsQualityScatterPlot_dot.png as png (dpi=300)
2026-02-10 14:06:39,706 Chromium init'ed with kwargs {}
2026-02-10 14:06:39,706 Found chromium path: /lustre07/scratch/mahnoorn/BINF6110/BINF6110-Assignment-1-/bioinfo_env/lib/python3.13/site-packages/choreographer/cli/browser_exe/chrome-linux64/chrome
2026-02-10 14:06:39,706 Temp directory created: /tmp/tmpi2znyaty.
2026-02-10 14:06:39,707 Opening browser.
2026-02-10 14:06:39,707 Temp directory created: /tmp/tmpth5ggy6q.
2026-02-10 14:06:39,723 Temporary directory at: /tmp/tmpth5ggy6q
2026-02-10 14:06:40,059 Conforming 1 to file:///tmp/tmpi2znyaty/index.html
2026-02-10 14:06:40,059 Waiting on all navigates
2026-02-10 14:06:41,283 All navigates done, putting them all in queue.
2026-02-10 14:06:41,283 Getting tab from queue (has 1)
2026-02-10 14:06:41,283 Got 104E
2026-02-10 14:06:41,283 Processing Read_lengths_vs_Average_read_quality_kde_plot.png
2026-02-10 14:06:41,284 Sending big command for Read_lengths_vs_Average_read_quality_kde_plot.png.
2026-02-10 14:06:42,004 Sent big command for Read_lengths_vs_Average_read_quality_kde_plot.png.
2026-02-10 14:06:42,007 Reloading tab 104E before return.
2026-02-10 14:06:42,090 Putting tab 104E back (queue size: 0).
2026-02-10 14:06:42,090 Waiting for all cleanups to finish.
2026-02-10 14:06:42,090 Exiting Kaleido
2026-02-10 14:06:42,090 Closing browser.
2026-02-10 14:06:42,092 Closing browser.
2026-02-10 14:06:42,092 TemporaryDirectory.cleanup() worked.
2026-02-10 14:06:42,092 shutil.rmtree worked.
2026-02-10 14:06:42,092 Cancelling tasks.
2026-02-10 14:06:42,092 Exiting Kaleido/Choreo
2026-02-10 14:06:42,208 TemporaryDirectory.cleanup() worked.
2026-02-10 14:06:42,208 shutil.rmtree worked.
2026-02-10 14:06:42,208 TemporaryDirectory.cleanup() worked.
2026-02-10 14:06:42,208 shutil.rmtree worked.
2026-02-10 14:06:42,208 Cancelling tasks.
2026-02-10 14:06:42,208 Exiting Kaleido/Choreo
2026-02-10 14:06:42,373 Saved qc/LengthvsQualityScatterPlot_kde.png as png (dpi=300)
2026-02-10 14:06:42,374 Created LengthvsQual plot
2026-02-10 14:06:42,374 Writing html report.
2026-02-10 14:06:42,492 Finished!
2026-02-10 14:06:42,595 TemporaryDirectory.cleanup() worked.
2026-02-10 14:06:42,596 shutil.rmtree worked.
2026-02-10 14:06:42,596 TemporaryDirectory.cleanup() worked.
2026-02-10 14:06:42,596 shutil.rmtree worked.
